Determining if the pthread_create exist failed with the following output:
Change Dir: /home/nvidia/mavros/build/libmavconn/CMakeFiles/CMakeTmp

Run Build Command:"/usr/bin/make" "cmTC_e817a/fast"
/usr/bin/make -f CMakeFiles/cmTC_e817a.dir/build.make CMakeFiles/cmTC_e817a.dir/build
make[1]: Entering directory '/home/nvidia/mavros/build/libmavconn/CMakeFiles/CMakeTmp'
Building C object CMakeFiles/cmTC_e817a.dir/CheckSymbolExists.c.o
/usr/bin/cc     -o CMakeFiles/cmTC_e817a.dir/CheckSymbolExists.c.o   -c /home/nvidia/mavros/build/libmavconn/CMakeFiles/CMakeTmp/CheckSymbolExists.c
Linking C executable cmTC_e817a
/usr/bin/cmake -E cmake_link_script CMakeFiles/cmTC_e817a.dir/link.txt --verbose=1
/usr/bin/cc       CMakeFiles/cmTC_e817a.dir/CheckSymbolExists.c.o  -o cmTC_e817a -rdynamic 
CMakeFiles/cmTC_e817a.dir/CheckSymbolExists.c.o: In function `main':
CheckSymbolExists.c:(.text+0x14): undefined reference to `pthread_create'
CheckSymbolExists.c:(.text+0x18): undefined reference to `pthread_create'
collect2: error: ld returned 1 exit status
CMakeFiles/cmTC_e817a.dir/build.make:97: recipe for target 'cmTC_e817a' failed
make[1]: *** [cmTC_e817a] Error 1
make[1]: Leaving directory '/home/nvidia/mavros/build/libmavconn/CMakeFiles/CMakeTmp'
Makefile:126: recipe for target 'cmTC_e817a/fast' failed
make: *** [cmTC_e817a/fast] Error 2

File /home/nvidia/mavros/build/libmavconn/CMakeFiles/CMakeTmp/CheckSymbolExists.c:
/* */
#include <pthread.h>

int main(int argc, char** argv)
{
  (void)argv;
#ifndef pthread_create
  return ((int*)(&pthread_create))[argc];
#else
  (void)argc;
  return 0;
#endif
}

Determining if the function pthread_create exists in the pthreads failed with the following output:
Change Dir: /home/nvidia/mavros/build/libmavconn/CMakeFiles/CMakeTmp

Run Build Command:"/usr/bin/make" "cmTC_624f4/fast"
/usr/bin/make -f CMakeFiles/cmTC_624f4.dir/build.make CMakeFiles/cmTC_624f4.dir/build
make[1]: Entering directory '/home/nvidia/mavros/build/libmavconn/CMakeFiles/CMakeTmp'
Building C object CMakeFiles/cmTC_624f4.dir/CheckFunctionExists.c.o
/usr/bin/cc    -DCHECK_FUNCTION_EXISTS=pthread_create   -o CMakeFiles/cmTC_624f4.dir/CheckFunctionExists.c.o   -c /usr/share/cmake-3.5/Modules/CheckFunctionExists.c
Linking C executable cmTC_624f4
/usr/bin/cmake -E cmake_link_script CMakeFiles/cmTC_624f4.dir/link.txt --verbose=1
/usr/bin/cc   -DCHECK_FUNCTION_EXISTS=pthread_create    CMakeFiles/cmTC_624f4.dir/CheckFunctionExists.c.o  -o cmTC_624f4 -rdynamic -lpthreads 
/usr/bin/ld: cannot find -lpthreads
collect2: error: ld returned 1 exit status
CMakeFiles/cmTC_624f4.dir/build.make:97: recipe for target 'cmTC_624f4' failed
make[1]: *** [cmTC_624f4] Error 1
make[1]: Leaving directory '/home/nvidia/mavros/build/libmavconn/CMakeFiles/CMakeTmp'
Makefile:126: recipe for target 'cmTC_624f4/fast' failed
make: *** [cmTC_624f4/fast] Error 2


