[35m[1mScanning dependencies of target mavros[0m
[  1%] [32mBuilding CXX object CMakeFiles/mavros.dir/src/lib/uas_data.cpp.o[0m
[  3%] [32mBuilding CXX object CMakeFiles/mavros.dir/src/lib/uas_stringify.cpp.o[0m
[  5%] [32mBuilding CXX object CMakeFiles/mavros.dir/src/lib/uas_timesync.cpp.o[0m
[  7%] [32mBuilding CXX object CMakeFiles/mavros.dir/src/lib/enum_to_string.cpp.o[0m
[  9%] [32mBuilding CXX object CMakeFiles/mavros.dir/src/lib/enum_sensor_orientation.cpp.o[0m
[ 11%] [32mBuilding CXX object CMakeFiles/mavros.dir/src/lib/ftf_frame_conversions.cpp.o[0m
[ 12%] [32mBuilding CXX object CMakeFiles/mavros.dir/src/lib/ftf_quaternion_utils.cpp.o[0m
[ 14%] [32mBuilding CXX object CMakeFiles/mavros.dir/src/lib/mavros.cpp.o[0m
[ 16%] [32mBuilding CXX object CMakeFiles/mavros.dir/src/lib/mavlink_diag.cpp.o[0m
[ 18%] [32mBuilding CXX object CMakeFiles/mavros.dir/src/lib/rosconsole_bridge.cpp.o[0m
[ 20%] [32m[1mLinking CXX shared library /home/nvidia/mavros/devel/.private/mavros/lib/libmavros.so[0m
[ 20%] Built target mavros
[35m[1mScanning dependencies of target position_control_outdoor[0m
[35m[1mScanning dependencies of target mavros_example_2[0m
[35m[1mScanning dependencies of target mavros_example_1[0m
[35m[1mScanning dependencies of target mission3[0m
[ 22%] [32mBuilding CXX object CMakeFiles/mavros_example_1.dir/src/example/mavros_example_1.cpp.o[0m
[ 24%] [32mBuilding CXX object CMakeFiles/position_control_outdoor.dir/src/position_control_outdoor.cpp.o[0m
[ 25%] [32mBuilding CXX object CMakeFiles/mavros_example_2.dir/src/example/mavros_example_2.cpp.o[0m
[ 27%] [32mBuilding CXX object CMakeFiles/mission3.dir/src/mission3.cpp.o[0m
[01m[K/home/nvidia/mavros/src/mavros/mavros/src/position_control_outdoor.cpp:[m[K In function ‘[01m[Kint main(int, char**)[m[K’:
[01m[K/home/nvidia/mavros/src/mavros/mavros/src/position_control_outdoor.cpp:337:83:[m[K [01;35m[Kwarning: [m[Knarrowing conversion of ‘[01m[Kpos_drone.geometry_msgs::PoseStamped_<std::allocator<void> >::pose.geometry_msgs::Pose_<std::allocator<void> >::position.geometry_msgs::Point_<std::allocator<void> >::z[m[K’ from ‘[01m[Kgeometry_msgs::Point_<std::allocator<void> >::_z_type {aka double}[m[K’ to ‘[01m[Kfloat[m[K’ inside { } [-Wnarrowing]
             static float desire_position_NED[3] = { 0, 0, pos_drone.pose.position.z };
[01;32m[K                                                                                   ^[m[K
[ 29%] [32m[1mLinking CXX executable /home/nvidia/mavros/devel/.private/mavros/lib/mavros/mavros_example_1[0m
[ 29%] Built target mavros_example_1
[35m[1mScanning dependencies of target mavros_plugins[0m
[ 31%] [32mBuilding CXX object CMakeFiles/mavros_plugins.dir/src/plugins/dummy.cpp.o[0m
[ 33%] [32m[1mLinking CXX executable /home/nvidia/mavros/devel/.private/mavros/lib/mavros/mavros_example_2[0m
[ 35%] [32m[1mLinking CXX executable /home/nvidia/mavros/devel/.private/mavros/lib/mavros/mission3[0m
[ 35%] Built target mavros_example_2
[35m[1mScanning dependencies of target mavros_example_3[0m
[ 37%] [32mBuilding CXX object CMakeFiles/mavros_example_3.dir/src/example/mavros_example_3.cpp.o[0m
[ 37%] Built target mission3
[ 38%] [32mBuilding CXX object CMakeFiles/mavros_plugins.dir/src/plugins/sys_status.cpp.o[0m
[ 40%] [32m[1mLinking CXX executable /home/nvidia/mavros/devel/.private/mavros/lib/mavros/position_control_outdoor[0m
[ 40%] Built target position_control_outdoor
[35m[1mScanning dependencies of target position_control[0m
[ 42%] [32mBuilding CXX object CMakeFiles/position_control.dir/src/position_control.cpp.o[0m
[ 44%] [32m[1mLinking CXX executable /home/nvidia/mavros/devel/.private/mavros/lib/mavros/mavros_example_3[0m
[ 44%] Built target mavros_example_3
[35m[1mScanning dependencies of target move[0m
[ 46%] [32mBuilding CXX object CMakeFiles/move.dir/src/move.cpp.o[0m
[ 48%] [32m[1mLinking CXX executable /home/nvidia/mavros/devel/.private/mavros/lib/mavros/position_control[0m
[ 48%] Built target position_control
[35m[1mScanning dependencies of target mavros_node[0m
[ 50%] [32mBuilding CXX object CMakeFiles/mavros_node.dir/src/mavros_node.cpp.o[0m
[ 51%] [32m[1mLinking CXX executable /home/nvidia/mavros/devel/.private/mavros/lib/mavros/move[0m
[ 51%] Built target move
[35m[1mScanning dependencies of target gcs_bridge[0m
[ 53%] [32mBuilding CXX object CMakeFiles/gcs_bridge.dir/src/gcs_bridge.cpp.o[0m
[ 55%] [32mBuilding CXX object CMakeFiles/mavros_plugins.dir/src/plugins/sys_time.cpp.o[0m
[ 57%] [32mBuilding CXX object CMakeFiles/mavros_plugins.dir/src/plugins/imu.cpp.o[0m
[ 59%] [32m[1mLinking CXX executable /home/nvidia/mavros/devel/.private/mavros/lib/mavros/gcs_bridge[0m
[ 61%] [32m[1mLinking CXX executable /home/nvidia/mavros/devel/.private/mavros/lib/mavros/mavros_node[0m
[ 61%] Built target gcs_bridge
[ 62%] [32mBuilding CXX object CMakeFiles/mavros_plugins.dir/src/plugins/param.cpp.o[0m
[ 62%] Built target mavros_node
[ 64%] [32mBuilding CXX object CMakeFiles/mavros_plugins.dir/src/plugins/waypoint.cpp.o[0m
[ 66%] [32mBuilding CXX object CMakeFiles/mavros_plugins.dir/src/plugins/rc_io.cpp.o[0m
[ 68%] [32mBuilding CXX object CMakeFiles/mavros_plugins.dir/src/plugins/command.cpp.o[0m
[ 70%] [32mBuilding CXX object CMakeFiles/mavros_plugins.dir/src/plugins/local_position.cpp.o[0m
[ 72%] [32mBuilding CXX object CMakeFiles/mavros_plugins.dir/src/plugins/global_position.cpp.o[0m
[ 74%] [32mBuilding CXX object CMakeFiles/mavros_plugins.dir/src/plugins/setpoint_position.cpp.o[0m
[ 75%] [32mBuilding CXX object CMakeFiles/mavros_plugins.dir/src/plugins/safety_area.cpp.o[0m
[ 77%] [32mBuilding CXX object CMakeFiles/mavros_plugins.dir/src/plugins/3dr_radio.cpp.o[0m
[ 79%] [32mBuilding CXX object CMakeFiles/mavros_plugins.dir/src/plugins/setpoint_velocity.cpp.o[0m
[ 81%] [32mBuilding CXX object CMakeFiles/mavros_plugins.dir/src/plugins/setpoint_accel.cpp.o[0m
[ 83%] [32mBuilding CXX object CMakeFiles/mavros_plugins.dir/src/plugins/setpoint_attitude.cpp.o[0m
[ 85%] [32mBuilding CXX object CMakeFiles/mavros_plugins.dir/src/plugins/setpoint_raw.cpp.o[0m
[ 87%] [32mBuilding CXX object CMakeFiles/mavros_plugins.dir/src/plugins/vfr_hud.cpp.o[0m
[ 88%] [32mBuilding CXX object CMakeFiles/mavros_plugins.dir/src/plugins/ftp.cpp.o[0m
[ 90%] [32mBuilding CXX object CMakeFiles/mavros_plugins.dir/src/plugins/actuator_control.cpp.o[0m
[ 92%] [32mBuilding CXX object CMakeFiles/mavros_plugins.dir/src/plugins/manual_control.cpp.o[0m
[ 94%] [32mBuilding CXX object CMakeFiles/mavros_plugins.dir/src/plugins/altitude.cpp.o[0m
[ 96%] [32mBuilding CXX object CMakeFiles/mavros_plugins.dir/src/plugins/hil.cpp.o[0m
[ 98%] [32mBuilding CXX object CMakeFiles/mavros_plugins.dir/src/plugins/home_position.cpp.o[0m
[100%] [32m[1mLinking CXX shared library /home/nvidia/mavros/devel/.private/mavros/lib/libmavros_plugins.so[0m
[100%] Built target mavros_plugins
