Determining if the pthread_create exist failed with the following output:
Change Dir: /home/nvidia/mavros/build/mavros_msgs/CMakeFiles/CMakeTmp

Run Build Command:"/usr/bin/make" "cmTC_a0849/fast"
/usr/bin/make -f CMakeFiles/cmTC_a0849.dir/build.make CMakeFiles/cmTC_a0849.dir/build
make[1]: Entering directory '/home/nvidia/mavros/build/mavros_msgs/CMakeFiles/CMakeTmp'
Building C object CMakeFiles/cmTC_a0849.dir/CheckSymbolExists.c.o
/usr/bin/cc     -o CMakeFiles/cmTC_a0849.dir/CheckSymbolExists.c.o   -c /home/nvidia/mavros/build/mavros_msgs/CMakeFiles/CMakeTmp/CheckSymbolExists.c
Linking C executable cmTC_a0849
/usr/bin/cmake -E cmake_link_script CMakeFiles/cmTC_a0849.dir/link.txt --verbose=1
/usr/bin/cc       CMakeFiles/cmTC_a0849.dir/CheckSymbolExists.c.o  -o cmTC_a0849 -rdynamic 
CMakeFiles/cmTC_a0849.dir/CheckSymbolExists.c.o: In function `main':
CheckSymbolExists.c:(.text+0x14): undefined reference to `pthread_create'
CheckSymbolExists.c:(.text+0x18): undefined reference to `pthread_create'
collect2: error: ld returned 1 exit status
CMakeFiles/cmTC_a0849.dir/build.make:97: recipe for target 'cmTC_a0849' failed
make[1]: *** [cmTC_a0849] Error 1
make[1]: Leaving directory '/home/nvidia/mavros/build/mavros_msgs/CMakeFiles/CMakeTmp'
Makefile:126: recipe for target 'cmTC_a0849/fast' failed
make: *** [cmTC_a0849/fast] Error 2

File /home/nvidia/mavros/build/mavros_msgs/CMakeFiles/CMakeTmp/CheckSymbolExists.c:
/* */
#include <pthread.h>

int main(int argc, char** argv)
{
  (void)argv;
#ifndef pthread_create
  return ((int*)(&pthread_create))[argc];
#else
  (void)argc;
  return 0;
#endif
}

Determining if the function pthread_create exists in the pthreads failed with the following output:
Change Dir: /home/nvidia/mavros/build/mavros_msgs/CMakeFiles/CMakeTmp

Run Build Command:"/usr/bin/make" "cmTC_b487f/fast"
/usr/bin/make -f CMakeFiles/cmTC_b487f.dir/build.make CMakeFiles/cmTC_b487f.dir/build
make[1]: Entering directory '/home/nvidia/mavros/build/mavros_msgs/CMakeFiles/CMakeTmp'
Building C object CMakeFiles/cmTC_b487f.dir/CheckFunctionExists.c.o
/usr/bin/cc    -DCHECK_FUNCTION_EXISTS=pthread_create   -o CMakeFiles/cmTC_b487f.dir/CheckFunctionExists.c.o   -c /usr/share/cmake-3.5/Modules/CheckFunctionExists.c
Linking C executable cmTC_b487f
/usr/bin/cmake -E cmake_link_script CMakeFiles/cmTC_b487f.dir/link.txt --verbose=1
/usr/bin/cc   -DCHECK_FUNCTION_EXISTS=pthread_create    CMakeFiles/cmTC_b487f.dir/CheckFunctionExists.c.o  -o cmTC_b487f -rdynamic -lpthreads 
/usr/bin/ld: cannot find -lpthreads
collect2: error: ld returned 1 exit status
CMakeFiles/cmTC_b487f.dir/build.make:97: recipe for target 'cmTC_b487f' failed
make[1]: *** [cmTC_b487f] Error 1
make[1]: Leaving directory '/home/nvidia/mavros/build/mavros_msgs/CMakeFiles/CMakeTmp'
Makefile:126: recipe for target 'cmTC_b487f/fast' failed
make: *** [cmTC_b487f/fast] Error 2


